    ======  ======
    Time:3/14/2012 10:20:36 PM
    Title: Initiate log
    Message: 
    Time:3/14/2012 10:20:36 PM
    Title: LICENSER
    Message: READ REGS START
    Time:3/14/2012 10:20:36 PM
    Title: LIC EXP_KEY
    Message: NULL
    Time:3/14/2012 10:20:36 PM
    Title: LICENSER
    Message: READ REGS SUCCESS
    Time:3/14/2012 10:20:36 PM
    Title: Initiate InternalManager
    Message: Trying to Validate License
    Time:3/14/2012 10:20:36 PM
    Title: Requesting EVT
    Message: EVTP
    Time:3/14/2012 10:20:36 PM
    Title: Requesting Validation
    Message: ILMValidate
    Time:3/14/2012 10:20:36 PM
    Title: ILMValidate action
    Message: Set PC
    Time:3/14/2012 10:20:36 PM
    Title: ILMValidate action
    Message: Check for VL
    Time:3/14/2012 10:20:36 PM
    Title: Requesting Validation
    Message: ILMValidate True
    Time:3/14/2012 10:20:36 PM
    Title: Requesting Validation
    Message: ILMValidate True NotTrial
    Entering constructor for: Microsoft.VsWizards.ImportProjectFolderWizard.NewProjectFromExistingPackage
    Entering Initialize() of: Microsoft.VsWizards.ImportProjectFolderWizard.NewProjectFromExistingPackage
    Dialog loading page: 1
    Dialog loading page: 1
    Cancelling pending extensions query.
    Dialog loading page: 1
    Cancelling pending extensions query.
    Dialog loading page: 1
    Cancelling pending extensions query.
        ======  ======
        Time:3/15/2012 9:35:21 AM
        Title: Initiate log
        Message: 
        Time:3/15/2012 9:35:21 AM
        Title: Initiate InternalManager
        Message: Trying to Validate License
        Time:3/15/2012 9:35:21 AM
        Title: Requesting EVT
        Message: EVTP
        Time:3/15/2012 9:35:21 AM
        Title: Checking EVT
        Message: EVTP has value
        Dialog loading page: 1
        Dialog loading page: 1
        Cancelling pending extensions query.
        Dialog loading page: 1
        Dialog loading page: 1
        Time:3/15/2012 12:14:37 PM
        Title: Initiate log
        Message: 
        Time:3/15/2012 12:14:37 PM
        Title: Initiate InternalManager
        Message: Trying to Validate License
        Time:3/15/2012 12:14:37 PM
        Title: Requesting EVT
        Message: EVTP
        Time:3/15/2012 12:14:37 PM
        Title: Checking EVT
        Message: EVTP has value
        Time:3/15/2012 12:14:38 PM
        Title: Initiate log
        Message: 
        Time:3/15/2012 12:14:38 PM
        Title: Initiate InternalManager
        Message: Trying to Validate License
        Time:3/15/2012 12:14:38 PM
        Title: Requesting EVT
        Message: EVTP
        Time:3/15/2012 12:14:38 PM
        Title: Checking EVT
        Message: EVTP has value
        Time:3/15/2012 12:14:38 PM
        Title: Initiate log
        Message: 
        Time:3/15/2012 12:14:38 PM
        Title: Initiate InternalManager
        Message: Trying to Validate License
        Time:3/15/2012 12:14:38 PM
        Title: Requesting EVT
        Message: EVTP
        Time:3/15/2012 12:14:38 PM
        Title: Checking EVT
        Message: EVTP has value
        Time:3/15/2012 12:14:38 PM
        Title: Initiate log
        Message: 
        Time:3/15/2012 12:14:38 PM
        Title: Initiate InternalManager
        Message: Trying to Validate License
        Time:3/15/2012 12:14:38 PM
        Title: Requesting EVT
        Message: EVTP
        Time:3/15/2012 12:14:38 PM
        Title: Checking EVT
        Message: EVTP has value
        Time:3/15/2012 12:14:38 PM
        Title: Initiate log
        Message: 
        Time:3/15/2012 12:14:38 PM
        Title: Initiate InternalManager
        Message: Trying to Validate License
        Time:3/15/2012 12:14:38 PM
        Title: Requesting EVT
        Message: EVTP
        Time:3/15/2012 12:14:38 PM
        Title: Checking EVT
        Message: EVTP has value
        Time:3/15/2012 12:14:38 PM
        Title: Initiate log
        Message: 
        Time:3/15/2012 12:14:38 PM
        Title: Initiate InternalManager
        Message: Trying to Validate License
        Time:3/15/2012 12:14:38 PM
        Title: Requesting EVT
        Message: EVTP
        Time:3/15/2012 12:14:38 PM
        Title: Checking EVT
        Message: EVTP has value
        Time:3/15/2012 12:14:38 PM
        Title: Initiate log
        Message: 
        Time:3/15/2012 12:14:38 PM
        Title: Initiate InternalManager
        Message: Trying to Validate License
        Time:3/15/2012 12:14:38 PM
        Title: Requesting EVT
        Message: EVTP
        Time:3/15/2012 12:14:38 PM
        Title: Checking EVT
        Message: EVTP has value
        Time:3/15/2012 12:14:38 PM
        Title: Initiate log
        Message: 
        Time:3/15/2012 12:14:38 PM
        Title: Initiate InternalManager
        Message: Trying to Validate License
        Time:3/15/2012 12:14:38 PM
        Title: Requesting EVT
        Message: EVTP
        Time:3/15/2012 12:14:38 PM
        Title: Checking EVT
        Message: EVTP has value
        Time:3/15/2012 12:14:38 PM
        Title: Initiate log
        Message: 
        Time:3/15/2012 12:14:38 PM
        Title: Initiate InternalManager
        Message: Trying to Validate License
        Time:3/15/2012 12:14:38 PM
        Title: Requesting EVT
        Message: EVTP
        Time:3/15/2012 12:14:38 PM
        Title: Checking EVT
        Message: EVTP has value
        Time:3/15/2012 12:14:38 PM
        Title: Initiate log
        Message: 
        Time:3/15/2012 12:14:38 PM
        Title: Initiate InternalManager
        Message: Trying to Validate License
        Time:3/15/2012 12:14:38 PM
        Title: Requesting EVT
        Message: EVTP
        Time:3/15/2012 12:14:38 PM
        Title: Checking EVT
        Message: EVTP has value
        Time:3/15/2012 12:14:38 PM
        Title: Initiate log
        Message: 
        Time:3/15/2012 12:14:38 PM
        Title: Initiate InternalManager
        Message: Trying to Validate License
        Time:3/15/2012 12:14:38 PM
        Title: Requesting EVT
        Message: EVTP
        Time:3/15/2012 12:14:38 PM
        Title: Checking EVT
        Message: EVTP has value
        Time:3/15/2012 12:14:38 PM
        Title: Initiate log
        Message: 
        Time:3/15/2012 12:14:38 PM
        Title: Initiate InternalManager
        Message: Trying to Validate License
        Time:3/15/2012 12:14:38 PM
        Title: Requesting EVT
        Message: EVTP
        Time:3/15/2012 12:14:38 PM
        Title: Checking EVT
        Message: EVTP has value
        Time:3/15/2012 12:14:38 PM
        Title: Initiate log
        Message: 
        Time:3/15/2012 12:14:38 PM
        Title: Initiate InternalManager
        Message: Trying to Validate License
        Time:3/15/2012 12:14:38 PM
        Title: Requesting EVT
        Message: EVTP
        Time:3/15/2012 12:14:38 PM
        Title: Checking EVT
        Message: EVTP has value
        Time:3/15/2012 12:14:38 PM
        Title: Initiate log
        Message: 
        Time:3/15/2012 12:14:38 PM
        Title: Initiate InternalManager
        Message: Trying to Validate License
        Time:3/15/2012 12:14:38 PM
        Title: Requesting EVT
        Message: EVTP
        Time:3/15/2012 12:14:38 PM
        Title: Checking EVT
        Message: EVTP has value
        Time:3/15/2012 12:14:38 PM
        Title: Initiate log
        Message: 
        Time:3/15/2012 12:14:38 PM
        Title: Initiate InternalManager
        Message: Trying to Validate License
        Time:3/15/2012 12:14:38 PM
        Title: Requesting EVT
        Message: EVTP
        Time:3/15/2012 12:14:38 PM
        Title: Checking EVT
        Message: EVTP has value
        Time:3/15/2012 12:14:38 PM
        Title: Initiate log
        Message: 
        Time:3/15/2012 12:14:38 PM
        Title: Initiate InternalManager
        Message: Trying to Validate License
        Time:3/15/2012 12:14:38 PM
        Title: Requesting EVT
        Message: EVTP
        Time:3/15/2012 12:14:38 PM
        Title: Checking EVT
        Message: EVTP has value
        Time:3/15/2012 12:14:38 PM
        Title: Initiate log
        Message: 
        Time:3/15/2012 12:14:38 PM
        Title: Initiate InternalManager
        Message: Trying to Validate License
        Time:3/15/2012 12:14:38 PM
        Title: Requesting EVT
        Message: EVTP
        Time:3/15/2012 12:14:38 PM
        Title: Checking EVT
        Message: EVTP has value
        Time:3/15/2012 12:14:38 PM
        Title: Initiate log
        Message: 
        Time:3/15/2012 12:14:38 PM
        Title: Initiate InternalManager
        Message: Trying to Validate License
        Time:3/15/2012 12:14:38 PM
        Title: Requesting EVT
        Message: EVTP
        Time:3/15/2012 12:14:38 PM
        Title: Checking EVT
        Message: EVTP has value
        Time:3/15/2012 12:14:38 PM
        Title: Initiate log
        Message: 
        Time:3/15/2012 12:14:38 PM
        Title: Initiate InternalManager
        Message: Trying to Validate License
        Time:3/15/2012 12:14:38 PM
        Title: Requesting EVT
        Message: EVTP
        Time:3/15/2012 12:14:38 PM
        Title: Checking EVT
        Message: EVTP has value
        Time:3/15/2012 12:14:38 PM
        Title: Initiate log
        Message: 
        Time:3/15/2012 12:14:38 PM
        Title: Initiate InternalManager
        Message: Trying to Validate License
        Time:3/15/2012 12:14:38 PM
        Title: Requesting EVT
        Message: EVTP
        Time:3/15/2012 12:14:38 PM
        Title: Checking EVT
        Message: EVTP has value
        Time:3/15/2012 12:14:38 PM
        Title: Initiate log
        Message: 
        Time:3/15/2012 12:14:38 PM
        Title: Initiate InternalManager
        Message: Trying to Validate License
        Time:3/15/2012 12:14:38 PM
        Title: Requesting EVT
        Message: EVTP
        Time:3/15/2012 12:14:38 PM
        Title: Checking EVT
        Message: EVTP has value
        Time:3/15/2012 12:14:38 PM
        Title: Initiate log
        Message: 
        Time:3/15/2012 12:14:38 PM
        Title: Initiate InternalManager
        Message: Trying to Validate License
        Time:3/15/2012 12:14:38 PM
        Title: Requesting EVT
        Message: EVTP
        Time:3/15/2012 12:14:38 PM
        Title: Checking EVT
        Message: EVTP has value
        Time:3/15/2012 12:14:42 PM
        Title: Initiate log
        Message: 
        Time:3/15/2012 12:14:42 PM
        Title: Initiate InternalManager
        Message: Trying to Validate License
        Time:3/15/2012 12:14:42 PM
        Title: Requesting EVT
        Message: EVTP
        Time:3/15/2012 12:14:42 PM
        Title: Checking EVT
        Message: EVTP has value
        Time:3/15/2012 12:14:42 PM
        Title: Initiate log
        Message: 
        Time:3/15/2012 12:14:42 PM
        Title: Initiate InternalManager
        Message: Trying to Validate License
        Time:3/15/2012 12:14:42 PM
        Title: Requesting EVT
        Message: EVTP
        Time:3/15/2012 12:14:42 PM
        Title: Checking EVT
        Message: EVTP has value
        Time:3/15/2012 12:14:42 PM
        Title: Initiate log
        Message: 
        Time:3/15/2012 12:14:42 PM
        Title: Initiate InternalManager
        Message: Trying to Validate License
        Time:3/15/2012 12:14:42 PM
        Title: Requesting EVT
        Message: EVTP
        Time:3/15/2012 12:14:42 PM
        Title: Checking EVT
        Message: EVTP has value
        Time:3/15/2012 12:14:42 PM
        Title: Initiate log
        Message: 
        Time:3/15/2012 12:14:42 PM
        Title: Initiate InternalManager
        Message: Trying to Validate License
        Time:3/15/2012 12:14:42 PM
        Title: Requesting EVT
        Message: EVTP
        Time:3/15/2012 12:14:42 PM
        Title: Checking EVT
        Message: EVTP has value
        Time:3/15/2012 3:11:48 PM
        Title: Initiate log
        Message: 
        Time:3/15/2012 3:11:48 PM
        Title: Initiate InternalManager
        Message: Trying to Validate License
        Time:3/15/2012 3:11:48 PM
        Title: Requesting EVT
        Message: EVTP
        Time:3/15/2012 3:11:48 PM
        Title: Checking EVT
        Message: EVTP has value
        Time:3/16/2012 9:16:01 AM
        Title: Initiate log
        Message: 
        Time:3/16/2012 9:16:01 AM
        Title: Initiate InternalManager
        Message: Trying to Validate License
        Time:3/16/2012 9:16:01 AM
        Title: Requesting EVT
        Message: EVTP
        Time:3/16/2012 9:16:01 AM
        Title: Checking EVT
        Message: EVTP has value
        Time:3/16/2012 9:16:17 AM
        Title: Initiate log
        Message: 
        Time:3/16/2012 9:16:17 AM
        Title: Initiate InternalManager
        Message: Trying to Validate License
        Time:3/16/2012 9:16:17 AM
        Title: Requesting EVT
        Message: EVTP
        Time:3/16/2012 9:16:17 AM
        Title: Checking EVT
        Message: EVTP has value
        Time:3/16/2012 9:16:17 AM
        Title: Initiate log
        Message: 
        Time:3/16/2012 9:16:17 AM
        Title: Initiate InternalManager
        Message: Trying to Validate License
        Time:3/16/2012 9:16:17 AM
        Title: Requesting EVT
        Message: EVTP
        Time:3/16/2012 9:16:17 AM
        Title: Checking EVT
        Message: EVTP has value
        Time:3/16/2012 9:16:17 AM
        Title: Initiate log
        Message: 
        Time:3/16/2012 9:16:17 AM
        Title: Initiate InternalManager
        Message: Trying to Validate License
        Time:3/16/2012 9:16:17 AM
        Title: Requesting EVT
        Message: EVTP
        Time:3/16/2012 9:16:17 AM
        Title: Checking EVT
        Message: EVTP has value
        Time:3/16/2012 9:16:17 AM
        Title: Initiate log
        Message: 
        Time:3/16/2012 9:16:17 AM
        Title: Initiate InternalManager
        Message: Trying to Validate License
        Time:3/16/2012 9:16:17 AM
        Title: Requesting EVT
        Message: EVTP
        Time:3/16/2012 9:16:17 AM
        Title: Checking EVT
        Message: EVTP has value
        Time:3/16/2012 9:16:17 AM
        Title: Initiate log
        Message: 
        Time:3/16/2012 9:16:17 AM
        Title: Initiate InternalManager
        Message: Trying to Validate License
        Time:3/16/2012 9:16:17 AM
        Title: Requesting EVT
        Message: EVTP
        Time:3/16/2012 9:16:17 AM
        Title: Checking EVT
        Message: EVTP has value
        Time:3/16/2012 9:16:17 AM
        Title: Initiate log
        Message: 
        Time:3/16/2012 9:16:17 AM
        Title: Initiate InternalManager
        Message: Trying to Validate License
        Time:3/16/2012 9:16:17 AM
        Title: Requesting EVT
        Message: EVTP
        Time:3/16/2012 9:16:17 AM
        Title: Checking EVT
        Message: EVTP has value
        Time:3/16/2012 9:16:17 AM
        Title: Initiate log
        Message: 
        Time:3/16/2012 9:16:17 AM
        Title: Initiate InternalManager
        Message: Trying to Validate License
        Time:3/16/2012 9:16:17 AM
        Title: Requesting EVT
        Message: EVTP
        Time:3/16/2012 9:16:17 AM
        Title: Checking EVT
        Message: EVTP has value
        Time:3/16/2012 9:16:17 AM
        Title: Initiate log
        Message: 
        Time:3/16/2012 9:16:17 AM
        Title: Initiate InternalManager
        Message: Trying to Validate License
        Time:3/16/2012 9:16:17 AM
        Title: Requesting EVT
        Message: EVTP
        Time:3/16/2012 9:16:17 AM
        Title: Checking EVT
        Message: EVTP has value
        Time:3/16/2012 9:16:17 AM
        Title: Initiate log
        Message: 
        Time:3/16/2012 9:16:17 AM
        Title: Initiate InternalManager
        Message: Trying to Validate License
        Time:3/16/2012 9:16:17 AM
        Title: Requesting EVT
        Message: EVTP
        Time:3/16/2012 9:16:17 AM
        Title: Checking EVT
        Message: EVTP has value
        Time:3/16/2012 9:16:17 AM
        Title: Initiate log
        Message: 
        Time:3/16/2012 9:16:17 AM
        Title: Initiate InternalManager
        Message: Trying to Validate License
        Time:3/16/2012 9:16:17 AM
        Title: Requesting EVT
        Message: EVTP
        Time:3/16/2012 9:16:17 AM
        Title: Checking EVT
        Message: EVTP has value
        Time:3/16/2012 9:16:17 AM
        Title: Initiate log
        Message: 
        Time:3/16/2012 9:16:17 AM
        Title: Initiate InternalManager
        Message: Trying to Validate License
        Time:3/16/2012 9:16:17 AM
        Title: Requesting EVT
        Message: EVTP
        Time:3/16/2012 9:16:17 AM
        Title: Checking EVT
        Message: EVTP has value
        Time:3/16/2012 9:16:17 AM
        Title: Initiate log
        Message: 
        Time:3/16/2012 9:16:17 AM
        Title: Initiate InternalManager
        Message: Trying to Validate License
        Time:3/16/2012 9:16:17 AM
        Title: Requesting EVT
        Message: EVTP
        Time:3/16/2012 9:16:17 AM
        Title: Checking EVT
        Message: EVTP has value
        Time:3/16/2012 9:16:17 AM
        Title: Initiate log
        Message: 
        Time:3/16/2012 9:16:17 AM
        Title: Initiate InternalManager
        Message: Trying to Validate License
        Time:3/16/2012 9:16:17 AM
        Title: Requesting EVT
        Message: EVTP
        Time:3/16/2012 9:16:17 AM
        Title: Checking EVT
        Message: EVTP has value
        Time:3/16/2012 9:16:17 AM
        Title: Initiate log
        Message: 
        Time:3/16/2012 9:16:17 AM
        Title: Initiate InternalManager
        Message: Trying to Validate License
        Time:3/16/2012 9:16:17 AM
        Title: Requesting EVT
        Message: EVTP
        Time:3/16/2012 9:16:17 AM
        Title: Checking EVT
        Message: EVTP has value
        Time:3/16/2012 9:16:17 AM
        Title: Initiate log
        Message: 
        Time:3/16/2012 9:16:17 AM
        Title: Initiate InternalManager
        Message: Trying to Validate License
        Time:3/16/2012 9:16:17 AM
        Title: Requesting EVT
        Message: EVTP
        Time:3/16/2012 9:16:17 AM
        Title: Checking EVT
        Message: EVTP has value
        Time:3/16/2012 9:16:17 AM
        Title: Initiate log
        Message: 
        Time:3/16/2012 9:16:17 AM
        Title: Initiate InternalManager
        Message: Trying to Validate License
        Time:3/16/2012 9:16:17 AM
        Title: Requesting EVT
        Message: EVTP
        Time:3/16/2012 9:16:17 AM
        Title: Checking EVT
        Message: EVTP has value
        Time:3/16/2012 9:16:17 AM
        Title: Initiate log
        Message: 
        Time:3/16/2012 9:16:17 AM
        Title: Initiate InternalManager
        Message: Trying to Validate License
        Time:3/16/2012 9:16:17 AM
        Title: Requesting EVT
        Message: EVTP
        Time:3/16/2012 9:16:17 AM
        Title: Checking EVT
        Message: EVTP has value
        Time:3/16/2012 9:16:17 AM
        Title: Initiate log
        Message: 
        Time:3/16/2012 9:16:17 AM
        Title: Initiate InternalManager
        Message: Trying to Validate License
        Time:3/16/2012 9:16:17 AM
        Title: Requesting EVT
        Message: EVTP
        Time:3/16/2012 9:16:17 AM
        Title: Checking EVT
        Message: EVTP has value
        Time:3/16/2012 9:16:17 AM
        Title: Initiate log
        Message: 
        Time:3/16/2012 9:16:17 AM
        Title: Initiate InternalManager
        Message: Trying to Validate License
        Time:3/16/2012 9:16:17 AM
        Title: Requesting EVT
        Message: EVTP
        Time:3/16/2012 9:16:17 AM
        Title: Checking EVT
        Message: EVTP has value
        Time:3/16/2012 9:16:17 AM
        Title: Initiate log
        Message: 
        Time:3/16/2012 9:16:17 AM
        Title: Initiate InternalManager
        Message: Trying to Validate License
        Time:3/16/2012 9:16:17 AM
        Title: Requesting EVT
        Message: EVTP
        Time:3/16/2012 9:16:17 AM
        Title: Checking EVT
        Message: EVTP has value
        Time:3/16/2012 9:16:17 AM
        Title: Initiate log
        Message: 
        Time:3/16/2012 9:16:17 AM
        Title: Initiate InternalManager
        Message: Trying to Validate License
        Time:3/16/2012 9:16:17 AM
        Title: Requesting EVT
        Message: EVTP
        Time:3/16/2012 9:16:17 AM
        Title: Checking EVT
        Message: EVTP has value
        Time:3/16/2012 9:27:52 AM
        Title: Initiate log
        Message: 
        Time:3/16/2012 9:27:52 AM
        Title: Initiate InternalManager
        Message: Trying to Validate License
        Time:3/16/2012 9:27:52 AM
        Title: Requesting EVT
        Message: EVTP
        Time:3/16/2012 9:27:52 AM
        Title: Checking EVT
        Message: EVTP has value
        Time:3/16/2012 9:27:52 AM
        Title: Initiate log
        Message: 
        Time:3/16/2012 9:27:52 AM
        Title: Initiate InternalManager
        Message: Trying to Validate License
        Time:3/16/2012 9:27:52 AM
        Title: Requesting EVT
        Message: EVTP
        Time:3/16/2012 9:27:52 AM
        Title: Checking EVT
        Message: EVTP has value
        Time:3/16/2012 9:27:52 AM
        Title: Initiate log
        Message: 
        Time:3/16/2012 9:27:52 AM
        Title: Initiate InternalManager
        Message: Trying to Validate License
        Time:3/16/2012 9:27:52 AM
        Title: Requesting EVT
        Message: EVTP
        Time:3/16/2012 9:27:52 AM
        Title: Checking EVT
        Message: EVTP has value
        Time:3/16/2012 9:27:52 AM
        Title: Initiate log
        Message: 
        Time:3/16/2012 9:27:52 AM
        Title: Initiate InternalManager
        Message: Trying to Validate License
        Time:3/16/2012 9:27:52 AM
        Title: Requesting EVT
        Message: EVTP
        Time:3/16/2012 9:27:52 AM
        Title: Checking EVT
        Message: EVTP has value
        Entering QueryClose for: Telerik.Web.UI.VSPackage.VSPackage
